report@config:load 27.07
Authorized using stored user info.
report@account:authorize 6.33
Exporting assets from Unity..........

[ Stage1 ] Assets exported from Unity and staged for further processing
report@unity:export 7048.08
report@config:load 16.98
Resources:
{}
report@assets:stage2 2824.81
report@assets:stage3 184.66
[ Stage2 ] Assets postprocessed and bundled successfully
report@config:unity 0.17
report@config:load 27.66
report@config:unity 0.19
﻿
[ error ] $﻿
PHC: LP error code not found in JSON: 3015, JSON file might be outdated. Error message: Sequence contains no matching element

Diagnostics gathered successfully
.NET Core 3 runtime not found.
.NET Core 3 runtime not found.
Компилятор Microsoft (R) Visual C# версии 4.3.1-3.22526.13 (41a5af9d)
© Корпорация Майкрософт (Microsoft Corporation). Все права защищены.


D:\UnityProjects\Color-Slide-Puzzle\Assets\_Project\Scripts\Gameplay\PlayerInput\TileStackDragInput.cs(11,40): warning CS0649: Полю "TileStackDragInput._stackLayerMask" нигде не присваивается значение, поэтому оно всегда будет иметь значение по умолчанию .

D:\UnityProjects\Color-Slide-Puzzle\Assets\_Project\Scripts\EntryPoint\GameplayEntry.cs(7,42): warning CS0649: Полю "GameplayEntry._cellPrefab" нигде не присваивается значение, поэтому оно всегда будет иметь значение по умолчанию null.
D:\UnityProjects\Color-Slide-Puzzle\Assets\_Project\Scripts\EntryPoint\GameplayEntry.cs(18,41): warning CS0649: Полю "GameplayEntry._tileConfig" нигде не присваивается значение, поэтому оно всегда будет иметь значение по умолчанию null.
D:\UnityProjects\Color-Slide-Puzzle\Assets\_Project\Scripts\Gameplay\Tiles\Configs\TileConfig.cs(51,45): warning CS0649: Полю "TileConfig._tileClearEffectPrefab" нигде не присваивается значение, поэтому оно всегда будет иметь значение по умолчанию null.
D:\UnityProjects\Color-Slide-Puzzle\Assets\_Project\Scripts\EntryPoint\GameplayEntry.cs(15,49): warning CS0649: Полю "GameplayEntry._dragInput" нигде не присваивается значение, поэтому оно всегда будет иметь значение по умолчанию null.
D:\UnityProjects\Color-Slide-Puzzle\Assets\_Project\Scripts\EntryPoint\GameplayEntry.cs(14,52): warning CS0649: Полю "GameplayEntry._spawnPoints" нигде не присваивается значение, поэтому оно всегда будет иметь значение по умолчанию null.
D:\UnityProjects\Color-Slide-Puzzle\Assets\_Project\Scripts\Gameplay\Tiles\View\TileStackView.cs(7,41): warning CS0649: Полю "TileStackView._config" нигде не присваивается значение, поэтому оно всегда будет иметь значение по умолчанию null.
D:\UnityProjects\Color-Slide-Puzzle\Assets\_Project\Scripts\EntryPoint\GameplayEntry.cs(10,44): warning CS0649: Полю "GameplayEntry._cellStackPrefab" нигде не присваивается значение, поэтому оно всегда будет иметь значение по умолчанию null.
D:\UnityProjects\Color-Slide-Puzzle\Assets\_Project\Scripts\EntryPoint\GameplayEntry.cs(19,51): warning CS0649: Полю "GameplayEntry._gridDefinitionConfig" нигде не присваивается значение, поэтому оно всегда будет иметь значение по умолчанию null.
D:\UnityProjects\Color-Slide-Puzzle\Assets\_Project\Scripts\Gameplay\Tiles\Configs\TileConfig.cs(52,45): warning CS0649: Полю "TileConfig._stackClearEffectPrefab" нигде не присваивается значение, поэтому оно всегда будет иметь значение по умолчанию null.
D:\UnityProjects\Color-Slide-Puzzle\Assets\_Project\Scripts\EntryPoint\GameplayEntry.cs(11,44): warning CS0649: Полю "GameplayEntry._spawnStackRootPrefab" нигде не присваивается значение, поэтому оно всегда будет иметь значение по умолчанию null.
D:\UnityProjects\Color-Slide-Puzzle\Assets\_Project\Scripts\Gameplay\Tiles\Configs\TileConfig.cs(8,38): warning CS0649: Полю "TileConfig._colors" нигде не присваивается значение, поэтому оно всегда будет иметь значение по умолчанию null.
D:\UnityProjects\Color-Slide-Puzzle\Assets\_Project\Scripts\Gameplay\Grid\View\HexCellView.cs(5,43): warning CS0169: Поле "HexCellView._renderer" никогда не используется.

Usercode compiled successfully!
.NET Core 3 runtime not found.
.NET Core 3 runtime not found.
code-v2:compose complete successfully!
report@code-v2:compose 0.17
Authorized using stored user info.
report@account:authorize 3.45
Версия MSBuild 17.14.23+b0019275e для .NET Framework

Сборка начата 04.12.2025 14:52:00.



Проект "C:\Users\Николай\Downloads\Luna\pipeline\templates\LunaCompiler\Scripts\Scripts.csproj" в узле 1 (целевые объекты Rebuild).

CoreClean:
  Файл "C:\Users\Николай\Downloads\Luna\pipeline\templates\LunaCompiler\Scripts\bin\Debug\UnityScriptsCompiler.dll" удаляется.

  Файл "C:\Users\Николай\Downloads\Luna\pipeline\templates\LunaCompiler\Scripts\bin\Debug\UnityScriptsCompiler.pdb" удаляется.

  Файл "C:\Users\Николай\Downloads\Luna\pipeline\templates\LunaCompiler\Scripts\bin\Debug\Bridge.dll" удаляется.

  Файл "C:\Users\Николай\Downloads\Luna\pipeline\templates\LunaCompiler\Scripts\bin\Debug\Bridge.Html5.dll" удаляется.

  Файл "C:\Users\Николай\Downloads\Luna\pipeline\templates\LunaCompiler\Scripts\bin\Debug\Bridge.WebGL.dll" удаляется.

  Файл "C:\Users\Николай\Downloads\Luna\pipeline\templates\LunaCompiler\Scripts\bin\Debug\DOTween.dll" удаляется.

  Файл "C:\Users\Николай\Downloads\Luna\pipeline\templates\LunaCompiler\Scripts\bin\Debug\JetBrains.dll" удаляется.

  Файл "C:\Users\Николай\Downloads\Luna\pipeline\templates\LunaCompiler\Scripts\bin\Debug\Newtonsoft.Json.dll" удаляется.

  Файл "C:\Users\Николай\Downloads\Luna\pipeline\templates\LunaCompiler\Scripts\bin\Debug\Retyped.Core.dll" удаляется.

  Файл "C:\Users\Николай\Downloads\Luna\pipeline\templates\LunaCompiler\Scripts\bin\Debug\Retyped.dom.dll" удаляется.

  Файл "C:\Users\Николай\Downloads\Luna\pipeline\templates\LunaCompiler\Scripts\bin\Debug\Retyped.es5.dll" удаляется.

  Файл "C:\Users\Николай\Downloads\Luna\pipeline\templates\LunaCompiler\Scripts\bin\Debug\Retyped.scripthost.dll" удаляется.

  Файл "C:\Users\Николай\Downloads\Luna\pipeline\templates\LunaCompiler\Scripts\bin\Debug\TextMeshPro.dll" удаляется.

  Файл "C:\Users\Николай\Downloads\Luna\pipeline\templates\LunaCompiler\Scripts\bin\Debug\UnityEngine.dll" удаляется.

  Файл "C:\Users\Николай\Downloads\Luna\pipeline\templates\LunaCompiler\Scripts\bin\Debug\UnityEngine.UI.dll" удаляется.

  Файл "C:\Users\Николай\Downloads\Luna\pipeline\templates\LunaCompiler\Scripts\bin\Debug\UnityEngine.UniversalRenderPipeline.dll" удаляется.

  Файл "C:\Users\Николай\Downloads\Luna\pipeline\templates\LunaCompiler\Scripts\bin\Debug\Bridge.xml" удаляется.

  Файл "C:\Users\Николай\Downloads\Luna\pipeline\templates\LunaCompiler\Scripts\bin\Debug\Bridge.Html5.xml" удаляется.

  Файл "C:\Users\Николай\Downloads\Luna\pipeline\templates\LunaCompiler\Scripts\bin\Debug\Bridge.WebGL.xml" удаляется.

  Файл "C:\Users\Николай\Downloads\Luna\pipeline\templates\LunaCompiler\Scripts\bin\Debug\Newtonsoft.Json.xml" удаляется.

  Файл "C:\Users\Николай\Downloads\Luna\pipeline\templates\LunaCompiler\Scripts\bin\Debug\Retyped.Core.xml" удаляется.

  Файл "C:\Users\Николай\Downloads\Luna\pipeline\templates\LunaCompiler\Scripts\bin\Debug\Retyped.dom.xml" удаляется.

  Файл "C:\Users\Николай\Downloads\Luna\pipeline\templates\LunaCompiler\Scripts\bin\Debug\Retyped.es5.xml" удаляется.

  Файл "C:\Users\Николай\Downloads\Luna\pipeline\templates\LunaCompiler\Scripts\bin\Debug\Retyped.scripthost.xml" удаляется.

  Файл "C:\Users\Николай\Downloads\Luna\pipeline\templates\LunaCompiler\Scripts\obj\Debug\Scripts.csproj.AssemblyReference.cache" удаляется.

  Файл "C:\Users\Николай\Downloads\Luna\pipeline\templates\LunaCompiler\Scripts\obj\Debug\Scripts.csproj.CoreCompileInputs.cache" удаляется.

  Файл "C:\Users\Николай\Downloads\Luna\pipeline\templates\LunaCompiler\Scripts\obj\Debug\Scripts.csproj.Up2Date" удаляется.

  Файл "C:\Users\Николай\Downloads\Luna\pipeline\templates\LunaCompiler\Scripts\obj\Debug\UnityScriptsCompiler.dll" удаляется.

  Файл "C:\Users\Николай\Downloads\Luna\pipeline\templates\LunaCompiler\Scripts\obj\Debug\UnityScriptsCompiler.pdb" удаляется.

GenerateTargetFrameworkMonikerAttribute:
Целевой объект "GenerateTargetFrameworkMonikerAttribute" пропускается, так как все выходные файлы актуальны по отношению к входным.

CoreCompile:
  C:\Program Files (x86)\Microsoft Visual Studio\2022\BuildTools\MSBuild\Current\Bin\Roslyn\csc.exe /noconfig /nowarn:CS0626,1701,1702 /fullpaths /nostdlib+ /errorreport:prompt /warn:4 /define:UNITY_LUNA;CSHARP_7_OR_LATER;CSHARP_7_3_OR_NEWER;UNITY_5_3_OR_NEWER;UNITY_5_4_OR_NEWER;UNITY_5_5_OR_NEWER;UNITY_2022;UNITY_2017_1_OR_NEWER;UNITY_2017_2_OR_NEWER;UNITY_2017_3_OR_NEWER;UNITY_2017_4_OR_NEWER;UNITY_2018_1_OR_NEWER;UNITY_2018_2_OR_NEWER;UNITY_2018_3_OR_NEWER;UNITY_2018_4_OR_NEWER;UNITY_2019_1_OR_NEWER;UNITY_2019_2_OR_NEWER;UNITY_2019_3_OR_NEWER;UNITY_2019_4_OR_NEWER;UNITY_2020_1_OR_NEWER;UNITY_2020_2_OR_NEWER;UNITY_2020_3_OR_NEWER;UNITY_2021_1_OR_NEWER;UNITY_2021_2_OR_NEWER;UNITY_2021_3_OR_NEWER;UNITY_2022_1_OR_NEWER;UNITY_2022_2_OR_NEWER;UNITY_2022_3_OR_NEWER;UNITY_2022_3;UNITY_2022_3_62 /highentropyva+ /reference:"C:\Users\Николай\Downloads\Luna\pipeline\templates\LunaCompiler\packages\Bridge.Core.17.9.42-luna\lib\net40\Bridge.dll" /reference:"C:\Users\Николай\Downloads\Luna\pipeline\templates\LunaCompiler\packages\Bridge.Html5.17.9.0\lib\net40\Bridge.Html5.dll" /reference:"C:\Users\Николай\Downloads\Luna\pipeline\templates\LunaCompiler\packages\Bridge.WebGL.1.22.0\lib\net40\Bridge.WebGL.dll" /reference:"C:\Users\Николай\Downloads\Luna\pipeline\templates\LunaCompiler\packages\DOTween.1.2.705\lib\net40\DOTween.dll" /reference:"C:\Users\Николай\Downloads\Luna\pipeline\templates\LunaCompiler\packages\com.unity.ide.rider\3.0.0\JetBrains.dll" /reference:"C:\Users\Николай\Downloads\Luna\pipeline\templates\LunaCompiler\packages\Bridge.Newtonsoft.Json.1.16.0\lib\net40\Newtonsoft.Json.dll" /reference:"C:\Users\Николай\Downloads\Luna\pipeline\templates\LunaCompiler\packages\Retyped.Core.1.6.6733\lib\net40\Retyped.Core.dll" /reference:"C:\Users\Николай\Downloads\Luna\pipeline\templates\LunaCompiler\packages\Retyped.dom.2.8.6733\lib\net40\Retyped.dom.dll" /reference:"C:\Users\Николай\Downloads\Luna\pipeline\templates\LunaCompiler\packages\Retyped.es5.2.8.6733\lib\net40\Retyped.es5.dll" /reference:"C:\Users\Николай\Downloads\Luna\pipeline\templates\LunaCompiler\packages\Retyped.scripthost.2.8.6733\lib\net40\Retyped.scripthost.dll" /reference:"C:\Users\Николай\Downloads\Luna\pipeline\templates\LunaCompiler\packages\com.unity.textmeshpro\3.0.6\TextMeshPro.dll" /reference:"C:\Users\Николай\Downloads\Luna\pipeline\templates\LunaCompiler\Scripts\Vendor\UnityEngine.dll" /reference:"C:\Users\Николай\Downloads\Luna\pipeline\templates\LunaCompiler\packages\com.unity.ui\1.2.1\UnityEngine.UI.dll" /reference:"C:\Users\Николай\Downloads\Luna\pipeline\templates\LunaCompiler\packages\com.unity.urp\7.6\UnityEngine.UniversalRenderPipeline.dll" /debug+ /debug:full /optimize- /out:obj\Debug\UnityScriptsCompiler.dll /subsystemversion:6.00 /target:library /warnaserror- /utf8output /langversion:8 D:\UnityProjects\Color-Slide-Puzzle\LunaTemp\Assemblies\stage_2\decompiled\DG\Tweening\DOTweenCYInstruction.cs D:\UnityProjects\Color-Slide-Puzzle\LunaTemp\Assemblies\stage_2\decompiled\DG\Tweening\DOTweenModuleAudio.cs D:\UnityProjects\Color-Slide-Puzzle\LunaTemp\Assemblies\stage_2\decompiled\DG\Tweening\DOTweenModulePhysics.cs D:\UnityProjects\Color-Slide-Puzzle\LunaTemp\Assemblies\stage_2\decompiled\DG\Tweening\DOTweenModulePhysics2D.cs D:\UnityProjects\Color-Slide-Puzzle\LunaTemp\Assemblies\stage_2\decompiled\DG\Tweening\DOTweenModuleSprite.cs D:\UnityProjects\Color-Slide-Puzzle\LunaTemp\Assemblies\stage_2\decompiled\DG\Tweening\DOTweenModuleUI.cs D:\UnityProjects\Color-Slide-Puzzle\LunaTemp\Assemblies\stage_2\decompiled\DG\Tweening\DOTweenModuleUnityVersion.cs D:\UnityProjects\Color-Slide-Puzzle\LunaTemp\Assemblies\stage_2\decompiled\DG\Tweening\DOTweenModuleUtils.cs D:\UnityProjects\Color-Slide-Puzzle\LunaTemp\Assemblies\stage_2\decompiled\FlyingSegment.cs D:\UnityProjects\Color-Slide-Puzzle\LunaTemp\Assemblies\stage_2\decompiled\GameplayEntry.cs D:\UnityProjects\Color-Slide-Puzzle\LunaTemp\Assemblies\stage_2\decompiled\GridCellsBuilder.cs D:\UnityProjects\Color-Slide-Puzzle\LunaTemp\Assemblies\stage_2\decompiled\GridDefinitionConfig.cs D:\UnityProjects\Color-Slide-Puzzle\LunaTemp\Assemblies\stage_2\decompiled\GridNeighborOffsetProvider.cs D:\UnityProjects\Color-Slide-Puzzle\LunaTemp\Assemblies\stage_2\decompiled\GridShapeType.cs D:\UnityProjects\Color-Slide-Puzzle\LunaTemp\Assemblies\stage_2\decompiled\HexCellView.cs D:\UnityProjects\Color-Slide-Puzzle\LunaTemp\Assemblies\stage_2\decompiled\HexTileGridBuilder.cs D:\UnityProjects\Color-Slide-Puzzle\LunaTemp\Assemblies\stage_2\decompiled\ListRandomizer.cs D:\UnityProjects\Color-Slide-Puzzle\LunaTemp\Assemblies\stage_2\decompiled\ObjectPool.cs D:\UnityProjects\Color-Slide-Puzzle\LunaTemp\Assemblies\stage_2\decompiled\Properties\AssemblyInfo.cs D:\UnityProjects\Color-Slide-Puzzle\LunaTemp\Assemblies\stage_2\decompiled\TileColorBlock.cs D:\UnityProjects\Color-Slide-Puzzle\LunaTemp\Assemblies\stage_2\decompiled\TileColorRemainderSorter.cs D:\UnityProjects\Color-Slide-Puzzle\LunaTemp\Assemblies\stage_2\decompiled\TileColorStatistics.cs D:\UnityProjects\Color-Slide-Puzzle\LunaTemp\Assemblies\stage_2\decompiled\TileConfig.cs D:\UnityProjects\Color-Slide-Puzzle\LunaTemp\Assemblies\stage_2\decompiled\TileEffectPool.cs D:\UnityProjects\Color-Slide-Puzzle\LunaTemp\Assemblies\stage_2\decompiled\TileEffectsPlayer.cs D:\UnityProjects\Color-Slide-Puzzle\LunaTemp\Assemblies\s
tage_2\decompiled\TileEmptyCellSelector.cs D:\UnityProjects\Color-Slide-Puzzle\LunaTemp\Assemblies\stage_2\decompiled\TileGroupTransferPlanner.cs D:\UnityProjects\Color-Slide-Puzzle\LunaTemp\Assemblies\stage_2\decompiled\TileMatchGroupFinder.cs D:\UnityProjects\Color-Slide-Puzzle\LunaTemp\Assemblies\stage_2\decompiled\TileMergeColorApplier.cs D:\UnityProjects\Color-Slide-Puzzle\LunaTemp\Assemblies\stage_2\decompiled\TileMergePositionCalculator.cs D:\UnityProjects\Color-Slide-Puzzle\LunaTemp\Assemblies\stage_2\decompiled\TileMergeSegmentPool.cs D:\UnityProjects\Color-Slide-Puzzle\LunaTemp\Assemblies\stage_2\decompiled\TileMergeSegmentTemplate.cs D:\UnityProjects\Color-Slide-Puzzle\LunaTemp\Assemblies\stage_2\decompiled\TileShaderPropertyIds.cs D:\UnityProjects\Color-Slide-Puzzle\LunaTemp\Assemblies\stage_2\decompiled\TileSpawnMatchPlanner.cs D:\UnityProjects\Color-Slide-Puzzle\LunaTemp\Assemblies\stage_2\decompiled\TileSpawnStackFromColorsBuilde.cs D:\UnityProjects\Color-Slide-Puzzle\LunaTemp\Assemblies\stage_2\decompiled\TileSpawnTopColorSelector.cs D:\UnityProjects\Color-Slide-Puzzle\LunaTemp\Assemblies\stage_2\decompiled\TileSpawnUsefulTopColorsCollec.cs D:\UnityProjects\Color-Slide-Puzzle\LunaTemp\Assemblies\stage_2\decompiled\TileStackClusterBuilder.cs D:\UnityProjects\Color-Slide-Puzzle\LunaTemp\Assemblies\stage_2\decompiled\TileStackColorBlocksBuilder.cs D:\UnityProjects\Color-Slide-Puzzle\LunaTemp\Assemblies\stage_2\decompiled\TileStackColorsGenerator.cs D:\UnityProjects\Color-Slide-Puzzle\LunaTemp\Assemblies\stage_2\decompiled\TileStackDraggable.cs D:\UnityProjects\Color-Slide-Puzzle\LunaTemp\Assemblies\stage_2\decompiled\TileStackDragInput.cs D:\UnityProjects\Color-Slide-Puzzle\LunaTemp\Assemblies\stage_2\decompiled\TileStackFactory.cs D:\UnityProjects\Color-Slide-Puzzle\LunaTemp\Assemblies\stage_2\decompiled\TileStackFieldGenerator.cs D:\UnityProjects\Color-Slide-Puzzle\LunaTemp\Assemblies\stage_2\decompiled\TileStackInCellFinder.cs D:\UnityProjects\Color-Slide-Puzzle\LunaTemp\Assemblies\stage_2\decompiled\TileStackMatchResolver.cs D:\UnityProjects\Color-Slide-Puzzle\LunaTemp\Assemblies\stage_2\decompiled\TileStackMergeAnimator.cs D:\UnityProjects\Color-Slide-Puzzle\LunaTemp\Assemblies\stage_2\decompiled\TileStackPoolCleaner.cs D:\UnityProjects\Color-Slide-Puzzle\LunaTemp\Assemblies\stage_2\decompiled\TileStackRoot.cs D:\UnityProjects\Color-Slide-Puzzle\LunaTemp\Assemblies\stage_2\decompiled\TileStackRuntime.cs D:\UnityProjects\Color-Slide-Puzzle\LunaTemp\Assemblies\stage_2\decompiled\TileStackSegmentsModel.cs D:\UnityProjects\Color-Slide-Puzzle\LunaTemp\Assemblies\stage_2\decompiled\TileStackSegmentsPool.cs D:\UnityProjects\Color-Slide-Puzzle\LunaTemp\Assemblies\stage_2\decompiled\TileStackSegmentsVisual.cs D:\UnityProjects\Color-Slide-Puzzle\LunaTemp\Assemblies\stage_2\decompiled\TileStackSpawnPoint.cs D:\UnityProjects\Color-Slide-Puzzle\LunaTemp\Assemblies\stage_2\decompiled\TileStackStackSizeCalculator.cs D:\UnityProjects\Color-Slide-Puzzle\LunaTemp\Assemblies\stage_2\decompiled\TileStackView.cs D:\UnityProjects\Color-Slide-Puzzle\LunaTemp\Assemblies\stage_2\decompiled\TileTransferStep.cs "obj\Debug\.NETFramework,Version=v4.7.AssemblyAttributes.cs"

D:\UnityProjects\Color-Slide-Puzzle\LunaTemp\Assemblies\stage_2\decompiled\TileStackSpawnPoint.cs(18,8): warning CS0219: Переменной "flag" присвоено значение, но оно ни разу не использовано. [C:\Users\Николай\Downloads\Luna\pipeline\templates\LunaCompiler\Scripts\Scripts.csproj]

D:\UnityProjects\Color-Slide-Puzzle\LunaTemp\Assemblies\stage_2\decompiled\TileStackView.cs(10,21): warning CS0649: Полю "TileStackView._config" нигде не присваивается значение, поэтому оно всегда будет иметь значение по умолчанию null. [C:\Users\Николай\Downloads\Luna\pipeline\templates\LunaCompiler\Scripts\Scripts.csproj]
D:\UnityProjects\Color-Slide-Puzzle\LunaTemp\Assemblies\stage_2\decompiled\TileConfig.cs(9,18): warning CS0649: Полю "TileConfig._colors" нигде не присваивается значение, поэтому оно всегда будет иметь значение по умолчанию null. [C:\Users\Николай\Downloads\Luna\pipeline\templates\LunaCompiler\Scripts\Scripts.csproj]

D:\UnityProjects\Color-Slide-Puzzle\LunaTemp\Assemblies\stage_2\decompiled\TileStackDragInput.cs(16,20): warning CS0649: Полю "TileStackDragInput._stackLayerMask" нигде не присваивается значение, поэтому оно всегда будет иметь значение по умолчанию . [C:\Users\Николай\Downloads\Luna\pipeline\templates\LunaCompiler\Scripts\Scripts.csproj]

D:\UnityProjects\Color-Slide-Puzzle\LunaTemp\Assemblies\stage_2\decompiled\GameplayEntry.cs(24,29): warning CS0649: Полю "GameplayEntry._dragInput" нигде не присваивается значение, поэтому оно всегда будет иметь значение по умолчанию null. [C:\Users\Николай\Downloads\Luna\pipeline\templates\LunaCompiler\Scripts\Scripts.csproj]

D:\UnityProjects\Color-Slide-Puzzle\LunaTemp\Assemblies\stage_2\decompiled\GameplayEntry.cs(28,21): warning CS0649: Полю "GameplayEntry._tileConfig" нигде не присваивается значение, поэтому оно всегда будет иметь значение по умолчанию null. [C:\Users\Николай\Downloads\Luna\pipeline\templates\LunaCompiler\Scripts\Scripts.csproj]
D:\UnityProjects\Color-Slide-Puzzle\LunaTemp\Assemblies\stage_2\decompiled\GameplayEntry.cs(10,22): warning CS0649: Полю "GameplayEntry._cellPrefab" нигде не присваивается значение, поэтому оно всегда будет иметь значение по умолчанию null. [C:\Users\Николай\Downloads\Luna\pipeline\templates\LunaCompiler\Scripts\Scripts.csproj]
D:\UnityProjects\Color-Slide-Puzzle\LunaTemp\Assemblies\stage_2\decompiled\GameplayEntry.cs(21,32): warning CS0649: Полю "GameplayEntry._spawnPoints" нигде не присваивается значение, поэтому оно всегда будет иметь значение по умолчанию null. [C:\Users\Николай\Downloads\Luna\pipeline\templates\LunaCompiler\Scripts\Scripts.csproj]

D:\UnityProjects\Color-Slide-Puzzle\LunaTemp\Assemblies\stage_2\decompiled\GameplayEntry.cs(31,31): warning CS0649: Полю "GameplayEntry._gridDefinitionConfig" нигде не присваивается значение, поэтому оно всегда будет иметь значение по умолчанию null. [C:\Users\Николай\Downloads\Luna\pipeline\templates\LunaCompiler\Scripts\Scripts.csproj]
D:\UnityProjects\Color-Slide-Puzzle\LunaTemp\Assemblies\stage_2\decompiled\HexCellView.cs(6,23): warning CS0169: Поле "HexCellView._renderer" никогда не используется. [C:\Users\Николай\Downloads\Luna\pipeline\templates\LunaCompiler\Scripts\Scripts.csproj]

D:\UnityProjects\Color-Slide-Puzzle\LunaTemp\Assemblies\stage_2\decompiled\GameplayEntry.cs(14,24): warning CS0649: Полю "GameplayEntry._cellStackPrefab" нигде не присваивается значение, поэтому оно всегда будет иметь значение по умолчанию null. [C:\Users\Николай\Downloads\Luna\pipeline\templates\LunaCompiler\Scripts\Scripts.csproj]
D:\UnityProjects\Color-Slide-Puzzle\LunaTemp\Assemblies\stage_2\decompiled\TileConfig.cs(115,25): warning CS0649: Полю "TileConfig._tileClearEffectPrefab" нигде не присваивается значение, поэтому оно всегда будет иметь значение по умолчанию null. [C:\Users\Николай\Downloads\Luna\pipeline\templates\LunaCompiler\Scripts\Scripts.csproj]

D:\UnityProjects\Color-Slide-Puzzle\LunaTemp\Assemblies\stage_2\decompiled\GameplayEntry.cs(17,24): warning CS0649: Полю "GameplayEntry._spawnStackRootPrefab" нигде не присваивается значение, поэтому оно всегда будет иметь значение по умолчанию null. [C:\Users\Николай\Downloads\Luna\pipeline\templates\LunaCompiler\Scripts\Scripts.csproj]

D:\UnityProjects\Color-Slide-Puzzle\LunaTemp\Assemblies\stage_2\decompiled\TileConfig.cs(118,25): warning CS0649: Полю "TileConfig._stackClearEffectPrefab" нигде не присваивается значение, поэтому оно всегда будет иметь значение по умолчанию null. [C:\Users\Николай\Downloads\Luna\pipeline\templates\LunaCompiler\Scripts\Scripts.csproj]

  CompilerServer: server - server processed compilation - Scripts

_CopyFilesMarkedCopyLocal:
  Копирование файла из "C:\Users\Николай\Downloads\Luna\pipeline\templates\LunaCompiler\packages\Bridge.Core.17.9.42-luna\lib\net40\Bridge.dll" в "C:\Users\Николай\Downloads\Luna\pipeline\templates\LunaCompiler\Scripts\bin\Debug\Bridge.dll".

  Копирование файла из "C:\Users\Николай\Downloads\Luna\pipeline\templates\LunaCompiler\packages\DOTween.1.2.705\lib\net40\DOTween.dll" в "C:\Users\Николай\Downloads\Luna\pipeline\templates\LunaCompiler\Scripts\bin\Debug\DOTween.dll".

  Копирование файла из "C:\Users\Николай\Downloads\Luna\pipeline\templates\LunaCompiler\packages\Bridge.WebGL.1.22.0\lib\net40\Bridge.WebGL.dll" в "C:\Users\Николай\Downloads\Luna\pipeline\templates\LunaCompiler\Scripts\bin\Debug\Bridge.WebGL.dll".

  Копирование файла из "C:\Users\Николай\Downloads\Luna\pipeline\templates\LunaCompiler\packages\com.unity.ide.rider\3.0.0\JetBrains.dll" в "C:\Users\Николай\Downloads\Luna\pipeline\templates\LunaCompiler\Scripts\bin\Debug\JetBrains.dll".

  Копирование файла из "C:\Users\Николай\Downloads\Luna\pipeline\templates\LunaCompiler\packages\Bridge.Newtonsoft.Json.1.16.0\lib\net40\Newtonsoft.Json.dll" в "C:\Users\Николай\Downloads\Luna\pipeline\templates\LunaCompiler\Scripts\bin\Debug\Newtonsoft.Json.dll".

  Копирование файла из "C:\Users\Николай\Downloads\Luna\pipeline\templates\LunaCompiler\packages\Bridge.Html5.17.9.0\lib\net40\Bridge.Html5.dll" в "C:\Users\Николай\Downloads\Luna\pipeline\templates\LunaCompiler\Scripts\bin\Debug\Bridge.Html5.dll".

  Копирование файла из "C:\Users\Николай\Downloads\Luna\pipeline\templates\LunaCompiler\packages\Retyped.Core.1.6.6733\lib\net40\Retyped.Core.dll" в "C:\Users\Николай\Downloads\Luna\pipeline\templates\LunaCompiler\Scripts\bin\Debug\Retyped.Core.dll".

  Копирование файла из "C:\Users\Николай\Downloads\Luna\pipeline\templates\LunaCompiler\packages\Retyped.dom.2.8.6733\lib\net40\Retyped.dom.dll" в "C:\Users\Николай\Downloads\Luna\pipeline\templates\LunaCompiler\Scripts\bin\Debug\Retyped.dom.dll".
  Копирование файла из "C:\Users\Николай\Downloads\Luna\pipeline\templates\LunaCompiler\packages\Retyped.es5.2.8.6733\lib\net40\Retyped.es5.dll" в "C:\Users\Николай\Downloads\Luna\pipeline\templates\LunaCompiler\Scripts\bin\Debug\Retyped.es5.dll".

  Копирование файла из "C:\Users\Николай\Downloads\Luna\pipeline\templates\LunaCompiler\packages\Retyped.scripthost.2.8.6733\lib\net40\Retyped.scripthost.dll" в "C:\Users\Николай\Downloads\Luna\pipeline\templates\LunaCompiler\Scripts\bin\Debug\Retyped.scripthost.dll".

  Копирование файла из "C:\Users\Николай\Downloads\Luna\pipeline\templates\LunaCompiler\packages\com.unity.textmeshpro\3.0.6\TextMeshPro.dll" в "C:\Users\Николай\Downloads\Luna\pipeline\templates\LunaCompiler\Scripts\bin\Debug\TextMeshPro.dll".

  Копирование файла из "C:\Users\Николай\Downloads\Luna\pipeline\templates\LunaCompiler\Scripts\Vendor\UnityEngine.dll" в "C:\Users\Николай\Downloads\Luna\pipeline\templates\LunaCompiler\Scripts\bin\Debug\UnityEngine.dll".

  Копирование файла из "C:\Users\Николай\Downloads\Luna\pipeline\templates\LunaCompiler\packages\com.unity.ui\1.2.1\UnityEngine.UI.dll" в "C:\Users\Николай\Downloads\Luna\pipeline\templates\LunaCompiler\Scripts\bin\Debug\UnityEngine.UI.dll".

  Копирование файла из "C:\Users\Николай\Downloads\Luna\pipeline\templates\LunaCompiler\packages\com.unity.urp\7.6\UnityEngine.UniversalRenderPipeline.dll" в "C:\Users\Николай\Downloads\Luna\pipeline\templates\LunaCompiler\Scripts\bin\Debug\UnityEngine.UniversalRenderPipeline.dll".

  Копирование файла из "C:\Users\Николай\Downloads\Luna\pipeline\templates\LunaCompiler\packages\Bridge.Core.17.9.42-luna\lib\net40\Bridge.xml" в "C:\Users\Николай\Downloads\Luna\pipeline\templates\LunaCompiler\Scripts\bin\Debug\Bridge.xml".

  Копирование файла из "C:\Users\Николай\Downloads\Luna\pipeline\templates\LunaCompiler\packages\Bridge.Html5.17.9.0\lib\net40\Bridge.Html5.xml" в "C:\Users\Николай\Downloads\Luna\pipeline\templates\LunaCompiler\Scripts\bin\Debug\Bridge.Html5.xml".

  Копирование файла из "C:\Users\Николай\Downloads\Luna\pipeline\templates\LunaCompiler\packages\Bridge.WebGL.1.22.0\lib\net40\Bridge.WebGL.xml" в "C:\Users\Николай\Downloads\Luna\pipeline\templates\LunaCompiler\Scripts\bin\Debug\Bridge.WebGL.xml".

  Копирование файла из "C:\Users\Николай\Downloads\Luna\pipeline\templates\LunaCompiler\packages\Bridge.Newtonsoft.Json.1.16.0\lib\net40\Newtonsoft.Json.xml" в "C:\Users\Николай\Downloads\Luna\pipeline\templates\LunaCompiler\Scripts\bin\Debug\Newtonsoft.Json.xml".

  Копирование файла из "C:\Users\Николай\Downloads\Luna\pipeline\templates\LunaCompiler\packages\Retyped.Core.1.6.6733\lib\net40\Retyped.Core.xml" в "C:\Users\Николай\Downloads\Luna\pipeline\templates\LunaCompiler\Scripts\bin\Debug\Retyped.Core.xml".

  Копирование файла из "C:\Users\Николай\Downloads\Luna\pipeline\templates\LunaCompiler\packages\Retyped.dom.2.8.6733\lib\net40\Retyped.dom.xml" в "C:\Users\Николай\Downloads\Luna\pipeline\templates\LunaCompiler\Scripts\bin\Debug\Retyped.dom.xml".

  Копирование файла из "C:\Users\Николай\Downloads\Luna\pipeline\templates\LunaCompiler\packages\Retyped.es5.2.8.6733\lib\net40\Retyped.es5.xml" в "C:\Users\Николай\Downloads\Luna\pipeline\templates\LunaCompiler\Scripts\bin\Debug\Retyped.es5.xml".

  Копирование файла из "C:\Users\Николай\Downloads\Luna\pipeline\templates\LunaCompiler\packages\Retyped.scripthost.2.8.6733\lib\net40\Retyped.scripthost.xml" в "C:\Users\Николай\Downloads\Luna\pipeline\templates\LunaCompiler\Scripts\bin\Debug\Retyped.scripthost.xml".

  Создание "C:\Users\Николай\Downloads\Luna\pipeline\templates\LunaCompiler\Scripts\obj\Debug\Scripts.csproj.Up2Date", так как было задано "AlwaysCreate".

  Обращение к "C:\Users\Николай\Downloads\Luna\pipeline\templates\LunaCompiler\Scripts\obj\Debug\Scripts.csproj.Up2Date".

CopyFilesToOutputDirectory:
  Копирование файла из "C:\Users\Николай\Downloads\Luna\pipeline\templates\LunaCompiler\Scripts\obj\Debug\UnityScriptsCompiler.dll" в "C:\Users\Николай\Downloads\Luna\pipeline\templates\LunaCompiler\Scripts\bin\Debug\UnityScriptsCompiler.dll".

  Scripts -> C:\Users\Николай\Downloads\Luna\pipeline\templates\LunaCompiler\Scripts\bin\Debug\UnityScriptsCompiler.dll

  Копирование файла из "C:\Users\Николай\Downloads\Luna\pipeline\templates\LunaCompiler\Scripts\obj\Debug\UnityScriptsCompiler.pdb" в "C:\Users\Николай\Downloads\Luna\pipeline\templates\LunaCompiler\Scripts\bin\Debug\UnityScriptsCompiler.pdb".

BridgeNetCompilerTask:
  Bridge started

      To enable detailed logging, configure "logging" in bridge.json.
      https://github.com/bridgedotnet/Bridge/wiki/global-configuration#logging

  Bridge done

Сборка проекта "C:\Users\Николай\Downloads\Luna\pipeline\templates\LunaCompiler\Scripts\Scripts.csproj" завершена (целевые объекты Rebuild).


Сборка успешно завершена.


"C:\Users\Николай\Downloads\Luna\pipeline\templates\LunaCompiler\Scripts\Scripts.csproj" (целевой объект Rebuild ) (1) ->

(Целевой объект CoreCompile) -> 
  D:\UnityProjects\Color-Slide-Puzzle\LunaTemp\Assemblies\stage_2\decompiled\TileStackSpawnPoint.cs(18,8): warning CS0219: Переменной "flag" присвоено значение, но оно ни разу не использовано. [C:\Users\Николай\Downloads\Luna\pipeline\templates\LunaCompiler\Scripts\Scripts.csproj]
  D:\UnityProjects\Color-Slide-Puzzle\LunaTemp\Assemblies\stage_2\decompiled\TileStackView.cs(10,21): warning CS0649: Полю "TileStackView._config" нигде не присваивается значение, поэтому оно всегда будет иметь значение по умолчанию null. [C:\Users\Николай\Downloads\Luna\pipeline\templates\LunaCompiler\Scripts\Scripts.csproj]
  D:\UnityProjects\Color-Slide-Puzzle\LunaTemp\Assemblies\stage_2\decompiled\TileConfig.cs(9,18): warning CS0649: Полю "TileConfig._colors" нигде не присваивается значение, поэтому оно всегда будет иметь значение по умолчанию null. [C:\Users\Николай\Downloads\Luna\pipeline\templates\LunaCompiler\Scripts\Scripts.csproj]
  D:\UnityProjects\Color-Slide-Puzzle\LunaTemp\Assemblies\stage_2\decompiled\TileStackDragInput.cs(16,20): warning CS0649: Полю "TileStackDragInput._stackLayerMask" нигде не присваивается значение, поэтому оно всегда будет иметь значение по умолчанию . [C:\Users\Николай\Downloads\Luna\pipeline\templates\LunaCompiler\Scripts\Scripts.csproj]
  D:\UnityProjects\Color-Slide-Puzzle\LunaTemp\Assemblies\stage_2\decompiled\GameplayEntry.cs(24,29): warning CS0649: Полю "GameplayEntry._dragInput" нигде не присваивается значение, поэтому оно всегда будет иметь значение по умолчанию null. [C:\Users\Николай\Downloads\Luna\pipeline\templates\LunaCompiler\Scripts\Scripts.csproj]
  D:\UnityProjects\Color-Slide-Puzzle\LunaTemp\Assemblies\stage_2\decompiled\GameplayEntry.cs(28,21): warning CS0649: Полю "GameplayEntry._tileConfig" нигде не присваивается значение, поэтому оно всегда будет иметь значение по умолчанию null. [C:\Users\Николай\Downloads\Luna\pipeline\templates\LunaCompiler\Scripts\Scripts.csproj]
  D:\UnityProjects\Color-Slide-Puzzle\LunaTemp\Assemblies\stage_2\decompiled\GameplayEntry.cs(10,22): warning CS0649: Полю "GameplayEntry._cellPrefab" нигде не присваивается значение, поэтому оно всегда будет иметь значение по умолчанию null. [C:\Users\Николай\Downloads\Luna\pipeline\templates\LunaCompiler\Scripts\Scripts.csproj]
  D:\UnityProjects\Color-Slide-Puzzle\LunaTemp\Assemblies\stage_2\decompiled\GameplayEntry.cs(21,32): warning CS0649: Полю "GameplayEntry._spawnPoints" нигде не присваивается значение, поэтому оно всегда будет иметь значение по умолчанию null. [C:\Users\Николай\Downloads\Luna\pipeline\templates\LunaCompiler\Scripts\Scripts.csproj]
  D:\UnityProjects\Color-Slide-Puzzle\LunaTemp\Assemblies\stage_2\decompiled\GameplayEntry.cs(31,31): warning CS0649: Полю "GameplayEntry._gridDefinitionConfig" нигде не присваивается значение, поэтому оно всегда будет иметь значение по умолчанию null. [C:\Users\Николай\Downloads\Luna\pipeline\templates\LunaCompiler\Scripts\Scripts.csproj]
  D:\UnityProjects\Color-Slide-Puzzle\LunaTemp\Assemblies\stage_2\decompiled\HexCellView.cs(6,23): warning CS0169: Поле "HexCellView._renderer" никогда не используется. [C:\Users\Николай\Downloads\Luna\pipeline\templates\LunaCompiler\Scripts\Scripts.csproj]
  D:\UnityProjects\Color-Slide-Puzzle\LunaTemp\Assemblies\stage_2\decompiled\GameplayEntry.cs(14,24): warning CS0649: Полю "GameplayEntry._cellStackPrefab" нигде не присваивается значение, поэтому оно всегда будет иметь значение по умолчанию null. [C:\Users\Николай\Downloads\Luna\pipeline\templates\LunaCompiler\Scripts\Scripts.csproj]
  D:\UnityProjects\Color-Slide-Puzzle\LunaTemp\Assemblies\stage_2\decompiled\TileConfig.cs(115,25): warning CS0649: Полю "TileConfig._tileClearEffectPrefab" нигде не присваивается значение, поэтому оно всегда будет иметь значение по умолчанию null. [C:\Users\Николай\Downloads\Luna\pipeline\templates\LunaCompiler\Scripts\Scripts.csproj]
  D:\UnityProjects\Color-Slide-Puzzle\LunaTemp\Assemblies\stage_2\decompiled\GameplayEntry.cs(17,24): warning CS0649: Полю "GameplayEntry._spawnStackRootPrefab" нигде не присваивается значение, поэтому оно всегда будет иметь значение по умолчанию null. [C:\Users\Николай\Downloads\Luna\pipeline\templates\LunaCompiler\Scripts\Scripts.csproj]
  D:\UnityProjects\Color-Slide-Puzzle\LunaTemp\Assemblies\stage_2\decompiled\TileConfig.cs(118,25): warning CS0649: Полю "TileConfig._stackClearEffectPrefab" нигде не присваивается значение, поэтому оно всегда будет иметь значение по умолчанию null. [C:\Users\Николай\Downloads\Luna\pipeline\templates\LunaCompiler\Scripts\Scripts.csproj]

    Предупреждений: 14
    Ошибок: 0


Прошло времени 00:00:07.42

Source code compiled successfully!
﻿
[ error ] $﻿
PHC: LP error code not found in JSON: 3015, JSON file might be outdated. Error message: Sequence contains no matching element

Diagnostics gathered successfully
report@code:build 10230.53
report@diagnostics:verify 0.47
report@diagnostics:upload 1379.67
report@code:stage 9315.91
[ Stage3 ] Code compiled and bundled successfully.
report@code:bundle 25832.85
report@package:stage 865.69
[ Stage4 ] Target platform: develop
[ Stage4 ] Package bundled successfully
report@assets:stats 0.14
